<?xml version="1.0" encoding="UTF-8"?>
<!-- Generated by org.testng.reporters.JUnitXMLReporter -->
<testsuite ignored="0" hostname="QT-INNO-LT1439" failures="0" tests="6" name="Default test" time="22.508" errors="0" timestamp="2022-03-11T13:19:34 IST">
  <testcase classname="com.test.Test_PracticePage" name="test_selectRadioButton" time="0.102"/>
  <testcase classname="com.test.Test_PracticePage" name="test_selectClassExample" time="0.082"/>
  <testcase classname="com.test.Test_PracticePage" name="test_multipleSelect" time="0.191"/>
  <testcase classname="com.test.Test_PracticePage" name="test_checkBoxExample" time="0.146"/>
  <testcase classname="com.test.Test_PracticePage" name="test_swithWindowExample" time="5.261"/>
  <testcase classname="com.test.Test_PracticePage" name="test_swithTabExample" time="6.017"/>
</testsuite> <!-- Default test -->
