<?xml version="1.0" encoding="UTF-8"?>
<!-- Generated by org.testng.reporters.JUnitXMLReporter -->
<testsuite ignored="0" hostname="QT-INNO-LT1439" failures="0" tests="11" name="Default test" time="43.803" errors="0" timestamp="2022-03-13T15:03:20 IST">
  <testcase classname="com.test.Test_PracticePage" name="test_selectRadioButton" time="0.301"/>
  <testcase classname="com.test.Test_PracticePage" name="test_selectClassExample" time="0.233"/>
  <testcase classname="com.test.Test_PracticePage" name="test_multipleSelect" time="0.191"/>
  <testcase classname="com.test.Test_PracticePage" name="test_checkBoxExample" time="0.404"/>
  <testcase classname="com.test.Test_PracticePage" name="test_swithWindowExample" time="1.133"/>
  <testcase classname="com.test.Test_PracticePage" name="test_swithTabExample" time="6.878"/>
  <testcase classname="com.test.Test_PracticePage" name="test_SwitchToAlertExample" time="0.519"/>
  <testcase classname="com.test.Test_PracticePage" name="test_WebTableExample" time="2.738"/>
  <testcase classname="com.test.Test_PracticePage" name="test_EnableDisableExample" time="0.378"/>
  <testcase classname="com.test.Test_PracticePage" name="test_ElementDisplayedExample" time="0.363"/>
  <testcase classname="com.test.Test_PracticePage" name="test_MouseHoverExample" time="6.845"/>
</testsuite> <!-- Default test -->
