<?xml version="1.0" encoding="UTF-8"?>
<testng-results ignored="0" total="6" passed="6" failed="0" skipped="0">
  <reporter-output>
  </reporter-output>
  <suite started-at="2022-03-10T13:57:18 IST" name="Default suite" finished-at="2022-03-10T13:57:40 IST" duration-ms="22798">
    <groups>
    </groups>
    <test started-at="2022-03-10T13:57:18 IST" name="Default test" finished-at="2022-03-10T13:57:40 IST" duration-ms="22798">
      <class name="com.test.Test1">
        <test-method is-config="true" signature="launchBrowser()[pri:0, instance:com.test.Test1@47d9a273]" started-at="2022-03-10T13:57:18 IST" name="launchBrowser" finished-at="2022-03-10T13:57:27 IST" duration-ms="9138" status="PASS">
          <reporter-output>
          </reporter-output>
        </test-method> <!-- launchBrowser -->
        <test-method signature="selectRadioButton()[pri:0, instance:com.test.Test1@47d9a273]" started-at="2022-03-10T13:57:27 IST" name="selectRadioButton" finished-at="2022-03-10T13:57:27 IST" duration-ms="135" status="PASS">
          <reporter-output>
          </reporter-output>
        </test-method> <!-- selectRadioButton -->
        <test-method signature="selectClassExample()[pri:1, instance:com.test.Test1@47d9a273]" started-at="2022-03-10T13:57:27 IST" name="selectClassExample" finished-at="2022-03-10T13:57:27 IST" duration-ms="216" status="PASS">
          <reporter-output>
          </reporter-output>
        </test-method> <!-- selectClassExample -->
        <test-method signature="multipleSelect()[pri:2, instance:com.test.Test1@47d9a273]" started-at="2022-03-10T13:57:27 IST" name="multipleSelect" finished-at="2022-03-10T13:57:27 IST" duration-ms="100" status="PASS">
          <reporter-output>
          </reporter-output>
        </test-method> <!-- multipleSelect -->
        <test-method signature="checkBoxExample()[pri:3, instance:com.test.Test1@47d9a273]" started-at="2022-03-10T13:57:27 IST" name="checkBoxExample" finished-at="2022-03-10T13:57:27 IST" duration-ms="100" status="PASS">
          <reporter-output>
          </reporter-output>
        </test-method> <!-- checkBoxExample -->
        <test-method signature="swithWindowExample()[pri:4, instance:com.test.Test1@47d9a273]" started-at="2022-03-10T13:57:27 IST" name="swithWindowExample" finished-at="2022-03-10T13:57:34 IST" duration-ms="7047" status="PASS">
          <reporter-output>
          </reporter-output>
        </test-method> <!-- swithWindowExample -->
        <test-method signature="swithTabExample()[pri:5, instance:com.test.Test1@47d9a273]" started-at="2022-03-10T13:57:34 IST" name="swithTabExample" finished-at="2022-03-10T13:57:40 IST" duration-ms="5970" status="PASS">
          <reporter-output>
          </reporter-output>
        </test-method> <!-- swithTabExample -->
      </class> <!-- com.test.Test1 -->
    </test> <!-- Default test -->
  </suite> <!-- Default suite -->
</testng-results>
