<?xml version="1.0" encoding="UTF-8"?>
<testng-results ignored="0" total="6" passed="6" failed="0" skipped="0">
  <reporter-output>
  </reporter-output>
  <suite started-at="2022-03-11T13:19:11 IST" name="Default suite" finished-at="2022-03-11T13:19:34 IST" duration-ms="22508">
    <groups>
    </groups>
    <test started-at="2022-03-11T13:19:11 IST" name="Default test" finished-at="2022-03-11T13:19:34 IST" duration-ms="22508">
      <class name="com.test.Test_PracticePage">
        <test-method is-config="true" signature="launchBrowser()[pri:0, instance:com.test.Test_PracticePage@4b8ee4de]" started-at="2022-03-11T13:19:11 IST" name="launchBrowser" finished-at="2022-03-11T13:19:22 IST" duration-ms="10674" status="PASS">
          <reporter-output>
          </reporter-output>
        </test-method> <!-- launchBrowser -->
        <test-method signature="test_selectRadioButton()[pri:0, instance:com.test.Test_PracticePage@4b8ee4de]" started-at="2022-03-11T13:19:22 IST" name="test_selectRadioButton" finished-at="2022-03-11T13:19:22 IST" duration-ms="102" status="PASS">
          <reporter-output>
          </reporter-output>
        </test-method> <!-- test_selectRadioButton -->
        <test-method signature="test_selectClassExample()[pri:1, instance:com.test.Test_PracticePage@4b8ee4de]" started-at="2022-03-11T13:19:22 IST" name="test_selectClassExample" finished-at="2022-03-11T13:19:22 IST" duration-ms="82" status="PASS">
          <reporter-output>
          </reporter-output>
        </test-method> <!-- test_selectClassExample -->
        <test-method signature="test_multipleSelect()[pri:2, instance:com.test.Test_PracticePage@4b8ee4de]" started-at="2022-03-11T13:19:22 IST" name="test_multipleSelect" finished-at="2022-03-11T13:19:22 IST" duration-ms="191" status="PASS">
          <reporter-output>
          </reporter-output>
        </test-method> <!-- test_multipleSelect -->
        <test-method signature="test_checkBoxExample()[pri:3, instance:com.test.Test_PracticePage@4b8ee4de]" started-at="2022-03-11T13:19:22 IST" name="test_checkBoxExample" finished-at="2022-03-11T13:19:22 IST" duration-ms="146" status="PASS">
          <reporter-output>
          </reporter-output>
        </test-method> <!-- test_checkBoxExample -->
        <test-method signature="test_swithWindowExample()[pri:4, instance:com.test.Test_PracticePage@4b8ee4de]" started-at="2022-03-11T13:19:22 IST" name="test_swithWindowExample" finished-at="2022-03-11T13:19:27 IST" duration-ms="5261" status="PASS">
          <reporter-output>
          </reporter-output>
        </test-method> <!-- test_swithWindowExample -->
        <test-method signature="test_swithTabExample()[pri:5, instance:com.test.Test_PracticePage@4b8ee4de]" started-at="2022-03-11T13:19:27 IST" name="test_swithTabExample" finished-at="2022-03-11T13:19:34 IST" duration-ms="6017" status="PASS">
          <reporter-output>
          </reporter-output>
        </test-method> <!-- test_swithTabExample -->
      </class> <!-- com.test.Test_PracticePage -->
    </test> <!-- Default test -->
  </suite> <!-- Default suite -->
</testng-results>
